android/capacitor-cordova-android-plugins/build/intermediates/manifest_merge_blame_file/debug/processDebugManifest/manifest-merger-blame-debug-report.txt
1<?xml version="1.0" encoding="utf-8"?>
2<manifest xmlns:amazon="http://schemas.amazon.com/apk/res/android"
3    xmlns:android="http://schemas.android.com/apk/res/android"
4    package="capacitor.cordova.android.plugins" >
5
6    <uses-sdk android:minSdkVersion="23" />
7
8    <uses-permission android:name="android.permission.ACCESS_NETWORK_STATE" />
8-->src\main\AndroidManifest.xml:7:1-74
8-->src\main\AndroidManifest.xml:7:18-72
9
10    <application android:usesCleartextTraffic="true" >
10-->src\main\AndroidManifest.xml:4:1-6:15
10-->src\main\AndroidManifest.xml:4:15-50
11    </application>
12
13</manifest>